<?xml version="1.0" encoding="UTF-8"?>
<!-- Generated by org.testng.reporters.JUnitReportReporter -->
<testsuite hostname="LAPTOP-F1E1KBK1" failures="0" tests="1" name="testRunner.Runner" time="0.115" errors="0" timestamp="02 Feb 2025 16:32:02 GMT" skipped="0">
  <testcase classname="testRunner.Runner" name="runScenario" time="0.115"/>
</testsuite> <!-- testRunner.Runner -->
